[debug] [2026-01-19T05:08:46.287Z] ----------------------------------------------------------------------
[debug] [2026-01-19T05:08:46.289Z] Command:       C:\Program Files\nodejs\node.exe C:\Users\joelt\AppData\Roaming\npm\node_modules\firebase-tools\lib\bin\firebase.js deploy --project kiwichurch-1ef0f
[debug] [2026-01-19T05:08:46.289Z] CLI Version:   15.2.1
[debug] [2026-01-19T05:08:46.289Z] Platform:      win32
[debug] [2026-01-19T05:08:46.289Z] Node Version:  v24.12.0
[debug] [2026-01-19T05:08:46.289Z] Time:          Mon Jan 19 2026 18:08:46 GMT+1300 (New Zealand Daylight Time)
[debug] [2026-01-19T05:08:46.289Z] ----------------------------------------------------------------------
[debug] 
[debug] [2026-01-19T05:08:47.111Z] > command requires scopes: ["email","openid","https://www.googleapis.com/auth/cloudplatformprojects.readonly","https://www.googleapis.com/auth/firebase","https://www.googleapis.com/auth/cloud-platform"]
[debug] [2026-01-19T05:08:47.112Z] > authorizing via signed-in user (leojfx@gmail.com)
[debug] [2026-01-19T05:08:47.112Z] [iam] checking project kiwichurch-1ef0f for permissions ["datastore.indexes.create","datastore.indexes.delete","datastore.indexes.list","datastore.indexes.update","firebase.projects.get","firebasehosting.sites.update","firebaserules.releases.create","firebaserules.releases.update","firebaserules.rulesets.create"]
[debug] [2026-01-19T05:08:47.113Z] Checked if tokens are valid: true, expires at: 1768800766793
[debug] [2026-01-19T05:08:47.113Z] Checked if tokens are valid: true, expires at: 1768800766793
[debug] [2026-01-19T05:08:47.113Z] >>> [apiv2][query] POST https://cloudresourcemanager.googleapis.com/v1/projects/kiwichurch-1ef0f:testIamPermissions [none]
[debug] [2026-01-19T05:08:47.114Z] >>> [apiv2][(partial)header] POST https://cloudresourcemanager.googleapis.com/v1/projects/kiwichurch-1ef0f:testIamPermissions x-goog-quota-user=projects/kiwichurch-1ef0f
[debug] [2026-01-19T05:08:47.114Z] >>> [apiv2][body] POST https://cloudresourcemanager.googleapis.com/v1/projects/kiwichurch-1ef0f:testIamPermissions {"permissions":["datastore.indexes.create","datastore.indexes.delete","datastore.indexes.list","datastore.indexes.update","firebase.projects.get","firebasehosting.sites.update","firebaserules.releases.create","firebaserules.releases.update","firebaserules.rulesets.create"]}
[debug] [2026-01-19T05:08:47.651Z] <<< [apiv2][status] POST https://cloudresourcemanager.googleapis.com/v1/projects/kiwichurch-1ef0f:testIamPermissions 200
[debug] [2026-01-19T05:08:47.651Z] <<< [apiv2][body] POST https://cloudresourcemanager.googleapis.com/v1/projects/kiwichurch-1ef0f:testIamPermissions {"permissions":["datastore.indexes.create","datastore.indexes.delete","datastore.indexes.list","datastore.indexes.update","firebase.projects.get","firebasehosting.sites.update","firebaserules.releases.create","firebaserules.releases.update","firebaserules.rulesets.create"]}
[debug] [2026-01-19T05:08:47.651Z] Checked if tokens are valid: true, expires at: 1768800766793
[debug] [2026-01-19T05:08:47.651Z] Checked if tokens are valid: true, expires at: 1768800766793
[debug] [2026-01-19T05:08:47.651Z] >>> [apiv2][query] GET https://firebase.googleapis.com/v1beta1/projects/kiwichurch-1ef0f [none]
[debug] [2026-01-19T05:08:48.295Z] <<< [apiv2][status] GET https://firebase.googleapis.com/v1beta1/projects/kiwichurch-1ef0f 200
[debug] [2026-01-19T05:08:48.295Z] <<< [apiv2][body] GET https://firebase.googleapis.com/v1beta1/projects/kiwichurch-1ef0f {"projectId":"kiwichurch-1ef0f","projectNumber":"295588695621","displayName":"kiwichurch","name":"projects/kiwichurch-1ef0f","resources":{"hostingSite":"kiwichurch-1ef0f"},"state":"ACTIVE","etag":"1_120b0f02-eca3-4e55-aa39-cc991e58a0ed"}
[info] 
[info] === Deploying to 'kiwichurch-1ef0f'...
[info] 
[info] i  deploying storage, firestore, hosting 
[info] i  storage: ensuring required API firebasestorage.googleapis.com is enabled... 
[debug] [2026-01-19T05:08:48.297Z] Checked if tokens are valid: true, expires at: 1768800766793
[debug] [2026-01-19T05:08:48.297Z] Checked if tokens are valid: true, expires at: 1768800766793
[debug] [2026-01-19T05:08:48.298Z] >>> [apiv2][query] GET https://firebasestorage.googleapis.com/v1alpha/projects/kiwichurch-1ef0f/defaultBucket [none]
[debug] [2026-01-19T05:08:49.116Z] <<< [apiv2][status] GET https://firebasestorage.googleapis.com/v1alpha/projects/kiwichurch-1ef0f/defaultBucket 200
[debug] [2026-01-19T05:08:49.116Z] <<< [apiv2][body] GET https://firebasestorage.googleapis.com/v1alpha/projects/kiwichurch-1ef0f/defaultBucket {"name":"projects/kiwichurch-1ef0f/defaultBucket","location":"AUSTRALIA-SOUTHEAST1","bucket":{"name":"projects/kiwichurch-1ef0f/buckets/kiwichurch-1ef0f.firebasestorage.app"},"storageClass":"REGIONAL"}
[info] i  firebase.storage: checking storage.rules for compilation errors... 
[debug] [2026-01-19T05:08:49.117Z] Checked if tokens are valid: true, expires at: 1768800766793
[debug] [2026-01-19T05:08:49.117Z] Checked if tokens are valid: true, expires at: 1768800766793
[debug] [2026-01-19T05:08:49.117Z] >>> [apiv2][query] POST https://firebaserules.googleapis.com/v1/projects/kiwichurch-1ef0f:test [none]
[debug] [2026-01-19T05:08:49.117Z] >>> [apiv2][body] POST https://firebaserules.googleapis.com/v1/projects/kiwichurch-1ef0f:test [omitted]
[debug] [2026-01-19T05:08:49.996Z] <<< [apiv2][status] POST https://firebaserules.googleapis.com/v1/projects/kiwichurch-1ef0f:test 200
[debug] [2026-01-19T05:08:49.996Z] <<< [apiv2][body] POST https://firebaserules.googleapis.com/v1/projects/kiwichurch-1ef0f:test {}
[info] +  firebase.storage: rules file storage.rules compiled successfully 
[info] i  firestore: ensuring required API firestore.googleapis.com is enabled... 
[info] i  firestore: ensuring required API firestore.googleapis.com is enabled... 
[debug] [2026-01-19T05:08:49.997Z] Checked if tokens are valid: true, expires at: 1768800766793
[debug] [2026-01-19T05:08:49.997Z] Checked if tokens are valid: true, expires at: 1768800766793
[debug] [2026-01-19T05:08:49.997Z] >>> [apiv2][query] GET https://firestore.googleapis.com/v1/projects/kiwichurch-1ef0f/databases/(default) [none]
[debug] [2026-01-19T05:08:51.380Z] <<< [apiv2][status] GET https://firestore.googleapis.com/v1/projects/kiwichurch-1ef0f/databases/(default) 200
[debug] [2026-01-19T05:08:51.380Z] <<< [apiv2][body] GET https://firestore.googleapis.com/v1/projects/kiwichurch-1ef0f/databases/(default) {"name":"projects/kiwichurch-1ef0f/databases/(default)","uid":"821bc1e2-dbaa-4a51-8a33-c29717666dc7","createTime":"2026-01-19T03:17:38.895312Z","updateTime":"2026-01-19T03:17:38.895312Z","locationId":"nam5","type":"FIRESTORE_NATIVE","concurrencyMode":"PESSIMISTIC","versionRetentionPeriod":"3600s","earliestVersionTime":"2026-01-19T04:08:51.431026Z","appEngineIntegrationMode":"DISABLED","keyPrefix":"s","pointInTimeRecoveryEnablement":"POINT_IN_TIME_RECOVERY_DISABLED","deleteProtectionState":"DELETE_PROTECTION_DISABLED","databaseEdition":"STANDARD","freeTier":true,"realtimeUpdatesMode":"REALTIME_UPDATES_MODE_ENABLED","etag":"ILPg0P7qlpIDMLSXh7HUlpID"}
[info] i  firestore: reading indexes from firestore.indexes.json... 
[info] i  cloud.firestore: checking firestore.rules for compilation errors... 
[debug] [2026-01-19T05:08:51.381Z] Checked if tokens are valid: true, expires at: 1768800766793
[debug] [2026-01-19T05:08:51.381Z] Checked if tokens are valid: true, expires at: 1768800766793
[debug] [2026-01-19T05:08:51.381Z] >>> [apiv2][query] POST https://firebaserules.googleapis.com/v1/projects/kiwichurch-1ef0f:test [none]
[debug] [2026-01-19T05:08:51.381Z] >>> [apiv2][body] POST https://firebaserules.googleapis.com/v1/projects/kiwichurch-1ef0f:test [omitted]
[debug] [2026-01-19T05:08:52.784Z] <<< [apiv2][status] POST https://firebaserules.googleapis.com/v1/projects/kiwichurch-1ef0f:test 200
[debug] [2026-01-19T05:08:52.784Z] <<< [apiv2][body] POST https://firebaserules.googleapis.com/v1/projects/kiwichurch-1ef0f:test {}
[info] +  cloud.firestore: rules file firestore.rules compiled successfully 
[debug] [2026-01-19T05:08:52.786Z] Checked if tokens are valid: true, expires at: 1768800766793
[debug] [2026-01-19T05:08:52.786Z] Checked if tokens are valid: true, expires at: 1768800766793
[debug] [2026-01-19T05:08:52.786Z] >>> [apiv2][query] POST https://firebasehosting.googleapis.com/v1beta1/projects/-/sites/kiwichurch-1ef0f/versions [none]
[debug] [2026-01-19T05:08:52.786Z] >>> [apiv2][body] POST https://firebasehosting.googleapis.com/v1beta1/projects/-/sites/kiwichurch-1ef0f/versions {"status":"CREATED","labels":{"deployment-tool":"cli-firebase"}}
[debug] [2026-01-19T05:08:54.797Z] <<< [apiv2][status] POST https://firebasehosting.googleapis.com/v1beta1/projects/-/sites/kiwichurch-1ef0f/versions 200
[debug] [2026-01-19T05:08:54.797Z] <<< [apiv2][body] POST https://firebasehosting.googleapis.com/v1beta1/projects/-/sites/kiwichurch-1ef0f/versions {"name":"projects/295588695621/sites/kiwichurch-1ef0f/versions/fd1a6eaf3bf89533","status":"CREATED","config":{},"labels":{"deployment-tool":"cli-firebase"}}
[debug] [2026-01-19T05:08:54.797Z] Checked if tokens are valid: true, expires at: 1768800766793
[debug] [2026-01-19T05:08:54.797Z] Checked if tokens are valid: true, expires at: 1768800766793
[debug] [2026-01-19T05:08:54.797Z] >>> [apiv2][query] GET https://firebaserules.googleapis.com/v1/projects/kiwichurch-1ef0f/releases pageSize=10&pageToken=
[debug] [2026-01-19T05:08:55.370Z] <<< [apiv2][status] GET https://firebaserules.googleapis.com/v1/projects/kiwichurch-1ef0f/releases 200
[debug] [2026-01-19T05:08:55.370Z] <<< [apiv2][body] GET https://firebaserules.googleapis.com/v1/projects/kiwichurch-1ef0f/releases {"releases":[{"name":"projects/kiwichurch-1ef0f/releases/cloud.firestore","rulesetName":"projects/kiwichurch-1ef0f/rulesets/0d462d30-e712-4d59-9594-9dfd9ab541c4","createTime":"2026-01-19T03:17:43.743203Z","updateTime":"2026-01-19T04:32:56.267530Z"},{"name":"projects/kiwichurch-1ef0f/releases/firebase.storage/kiwichurch-1ef0f.firebasestorage.app","rulesetName":"projects/kiwichurch-1ef0f/rulesets/0a47f823-ca95-4fae-a84a-972b44e829f6","createTime":"2026-01-19T03:18:51.585141Z","updateTime":"2026-01-19T03:49:15.859960Z"}]}
[debug] [2026-01-19T05:08:55.377Z] Checked if tokens are valid: true, expires at: 1768800766793
[debug] [2026-01-19T05:08:55.377Z] Checked if tokens are valid: true, expires at: 1768800766793
[debug] [2026-01-19T05:08:55.377Z] >>> [apiv2][query] GET https://firebaserules.googleapis.com/v1/projects/kiwichurch-1ef0f/rulesets/0a47f823-ca95-4fae-a84a-972b44e829f6 [none]
[debug] [2026-01-19T05:08:56.702Z] <<< [apiv2][status] GET https://firebaserules.googleapis.com/v1/projects/kiwichurch-1ef0f/rulesets/0a47f823-ca95-4fae-a84a-972b44e829f6 200
[debug] [2026-01-19T05:08:56.702Z] <<< [apiv2][body] GET https://firebaserules.googleapis.com/v1/projects/kiwichurch-1ef0f/rulesets/0a47f823-ca95-4fae-a84a-972b44e829f6 [omitted]
[info] i  storage: latest version of storage.rules already up to date, skipping upload... 
[debug] [2026-01-19T05:08:56.703Z] Checked if tokens are valid: true, expires at: 1768800766793
[debug] [2026-01-19T05:08:56.703Z] Checked if tokens are valid: true, expires at: 1768800766793
[debug] [2026-01-19T05:08:56.703Z] >>> [apiv2][query] GET https://firebaserules.googleapis.com/v1/projects/kiwichurch-1ef0f/releases pageSize=10&pageToken=
[debug] [2026-01-19T05:08:58.026Z] <<< [apiv2][status] GET https://firebaserules.googleapis.com/v1/projects/kiwichurch-1ef0f/releases 200
[debug] [2026-01-19T05:08:58.026Z] <<< [apiv2][body] GET https://firebaserules.googleapis.com/v1/projects/kiwichurch-1ef0f/releases {"releases":[{"name":"projects/kiwichurch-1ef0f/releases/cloud.firestore","rulesetName":"projects/kiwichurch-1ef0f/rulesets/0d462d30-e712-4d59-9594-9dfd9ab541c4","createTime":"2026-01-19T03:17:43.743203Z","updateTime":"2026-01-19T04:32:56.267530Z"},{"name":"projects/kiwichurch-1ef0f/releases/firebase.storage/kiwichurch-1ef0f.firebasestorage.app","rulesetName":"projects/kiwichurch-1ef0f/rulesets/0a47f823-ca95-4fae-a84a-972b44e829f6","createTime":"2026-01-19T03:18:51.585141Z","updateTime":"2026-01-19T03:49:15.859960Z"}]}
[debug] [2026-01-19T05:08:58.026Z] Checked if tokens are valid: true, expires at: 1768800766793
[debug] [2026-01-19T05:08:58.027Z] Checked if tokens are valid: true, expires at: 1768800766793
[debug] [2026-01-19T05:08:58.027Z] >>> [apiv2][query] GET https://firebaserules.googleapis.com/v1/projects/kiwichurch-1ef0f/rulesets/0d462d30-e712-4d59-9594-9dfd9ab541c4 [none]
[debug] [2026-01-19T05:08:59.358Z] <<< [apiv2][status] GET https://firebaserules.googleapis.com/v1/projects/kiwichurch-1ef0f/rulesets/0d462d30-e712-4d59-9594-9dfd9ab541c4 200
[debug] [2026-01-19T05:08:59.358Z] <<< [apiv2][body] GET https://firebaserules.googleapis.com/v1/projects/kiwichurch-1ef0f/rulesets/0d462d30-e712-4d59-9594-9dfd9ab541c4 [omitted]
[info] i  firestore: latest version of firestore.rules already up to date, skipping upload... 
[info] i  firestore: deploying indexes... 
[debug] [2026-01-19T05:08:59.360Z] Checked if tokens are valid: true, expires at: 1768800766793
[debug] [2026-01-19T05:08:59.360Z] Checked if tokens are valid: true, expires at: 1768800766793
[debug] [2026-01-19T05:08:59.360Z] >>> [apiv2][query] GET https://firestore.googleapis.com/v1/projects/kiwichurch-1ef0f/databases/(default)/collectionGroups/-/indexes [none]
[debug] [2026-01-19T05:09:00.738Z] <<< [apiv2][status] GET https://firestore.googleapis.com/v1/projects/kiwichurch-1ef0f/databases/(default)/collectionGroups/-/indexes 200
[debug] [2026-01-19T05:09:00.738Z] <<< [apiv2][body] GET https://firestore.googleapis.com/v1/projects/kiwichurch-1ef0f/databases/(default)/collectionGroups/-/indexes {"indexes":[{"name":"projects/kiwichurch-1ef0f/databases/(default)/collectionGroups/events/indexes/CICAgOjXh4EK","queryScope":"COLLECTION","fields":[{"fieldPath":"date","order":"ASCENDING"},{"fieldPath":"gatheringId","order":"ASCENDING"},{"fieldPath":"__name__","order":"ASCENDING"}],"state":"READY","density":"SPARSE_ALL"},{"name":"projects/kiwichurch-1ef0f/databases/(default)/collectionGroups/events/indexes/CICAgJiUpoMK","queryScope":"COLLECTION","fields":[{"fieldPath":"gatheringId","order":"ASCENDING"},{"fieldPath":"date","order":"ASCENDING"},{"fieldPath":"__name__","order":"ASCENDING"}],"state":"READY","density":"SPARSE_ALL"},{"name":"projects/kiwichurch-1ef0f/databases/(default)/collectionGroups/notifications/indexes/CICAgOi3kJAK","queryScope":"COLLECTION","fields":[{"fieldPath":"userId","order":"ASCENDING"},{"fieldPath":"read","order":"ASCENDING"},{"fieldPath":"createdAt","order":"DESCENDING"},{"fieldPath":"__name__","order":"DESCENDING"}],"state":"READY","density":"SPARSE_ALL"},{"name":"projects/kiwichurch-1ef0f/databases/(default)/collectionGroups/kete/indexes/CICAgJiUsZIK","queryScope":"COLLECTION","fields":[{"fieldPath":"published","order":"ASCENDING"},{"fieldPath":"publishedAt","order":"DESCENDING"},{"fieldPath":"__name__","order":"DESCENDING"}],"state":"READY","density":"SPARSE_ALL"}]}
[debug] [2026-01-19T05:09:00.738Z] Checked if tokens are valid: true, expires at: 1768800766793
[debug] [2026-01-19T05:09:00.738Z] Checked if tokens are valid: true, expires at: 1768800766793
[debug] [2026-01-19T05:09:00.739Z] >>> [apiv2][query] GET https://firestore.googleapis.com/v1/projects/kiwichurch-1ef0f/databases/(default)/collectionGroups/-/fields?filter=indexConfig.usesAncestorConfig=false OR ttlConfig:* [none]
[debug] [2026-01-19T05:09:01.056Z] <<< [apiv2][status] GET https://firestore.googleapis.com/v1/projects/kiwichurch-1ef0f/databases/(default)/collectionGroups/-/fields?filter=indexConfig.usesAncestorConfig=false OR ttlConfig:* 200
[debug] [2026-01-19T05:09:01.056Z] <<< [apiv2][body] GET https://firestore.googleapis.com/v1/projects/kiwichurch-1ef0f/databases/(default)/collectionGroups/-/fields?filter=indexConfig.usesAncestorConfig=false OR ttlConfig:* {"fields":[{"name":"projects/kiwichurch-1ef0f/databases/(default)/collectionGroups/__default__/fields/*","indexConfig":{"indexes":[{"queryScope":"COLLECTION","fields":[{"fieldPath":"*","order":"ASCENDING"}],"state":"READY"},{"queryScope":"COLLECTION","fields":[{"fieldPath":"*","order":"DESCENDING"}],"state":"READY"},{"queryScope":"COLLECTION","fields":[{"fieldPath":"*","arrayConfig":"CONTAINS"}],"state":"READY"}]}}]}
[debug] [2026-01-19T05:09:01.056Z] Checked if tokens are valid: true, expires at: 1768800766793
[debug] [2026-01-19T05:09:01.056Z] Checked if tokens are valid: true, expires at: 1768800766793
[debug] [2026-01-19T05:09:01.056Z] >>> [apiv2][query] GET https://firestore.googleapis.com/v1/projects/kiwichurch-1ef0f/databases/(default) [none]
[debug] [2026-01-19T05:09:01.321Z] <<< [apiv2][status] GET https://firestore.googleapis.com/v1/projects/kiwichurch-1ef0f/databases/(default) 200
[debug] [2026-01-19T05:09:01.321Z] <<< [apiv2][body] GET https://firestore.googleapis.com/v1/projects/kiwichurch-1ef0f/databases/(default) {"name":"projects/kiwichurch-1ef0f/databases/(default)","uid":"821bc1e2-dbaa-4a51-8a33-c29717666dc7","createTime":"2026-01-19T03:17:38.895312Z","updateTime":"2026-01-19T03:17:38.895312Z","locationId":"nam5","type":"FIRESTORE_NATIVE","concurrencyMode":"PESSIMISTIC","versionRetentionPeriod":"3600s","earliestVersionTime":"2026-01-19T04:09:01.365270Z","appEngineIntegrationMode":"DISABLED","keyPrefix":"s","pointInTimeRecoveryEnablement":"POINT_IN_TIME_RECOVERY_DISABLED","deleteProtectionState":"DELETE_PROTECTION_DISABLED","databaseEdition":"STANDARD","freeTier":true,"realtimeUpdatesMode":"REALTIME_UPDATES_MODE_ENABLED","etag":"IIyLr4PrlpIDMLSXh7HUlpID"}
[debug] [2026-01-19T05:09:01.321Z] Skipping existing index: {"collectionGroup":"events","queryScope":"COLLECTION","fields":[{"fieldPath":"date","order":"ASCENDING"},{"fieldPath":"gatheringId","order":"ASCENDING"},{"fieldPath":"__name__","order":"ASCENDING"}]}
[debug] [2026-01-19T05:09:01.322Z] Skipping existing index: {"collectionGroup":"events","queryScope":"COLLECTION","fields":[{"fieldPath":"gatheringId","order":"ASCENDING"},{"fieldPath":"date","order":"ASCENDING"},{"fieldPath":"__name__","order":"ASCENDING"}]}
[debug] [2026-01-19T05:09:01.322Z] Skipping existing index: {"collectionGroup":"kete","queryScope":"COLLECTION","fields":[{"fieldPath":"published","order":"ASCENDING"},{"fieldPath":"publishedAt","order":"DESCENDING"},{"fieldPath":"__name__","order":"DESCENDING"}]}
[debug] [2026-01-19T05:09:01.322Z] Skipping existing index: {"collectionGroup":"notifications","queryScope":"COLLECTION","fields":[{"fieldPath":"userId","order":"ASCENDING"},{"fieldPath":"read","order":"ASCENDING"},{"fieldPath":"createdAt","order":"DESCENDING"},{"fieldPath":"__name__","order":"DESCENDING"}]}
[info] +  firestore: deployed indexes in firestore.indexes.json successfully for (default) database 
[info] i  hosting[kiwichurch-1ef0f]: beginning deploy... 
[info] i  hosting[kiwichurch-1ef0f]: found 99 files in . 
[debug] [2026-01-19T05:09:01.344Z] [hosting] uploading with 200 concurrency
[debug] [2026-01-19T05:09:01.357Z] Checked if tokens are valid: true, expires at: 1768800766793
[debug] [2026-01-19T05:09:01.357Z] Checked if tokens are valid: true, expires at: 1768800766793
[debug] [2026-01-19T05:09:01.358Z] [hosting] hash cache [] stored for 99 files
[debug] [2026-01-19T05:09:01.358Z] [hosting][hash queue][FINAL] {"max":11,"min":0,"avg":0.9035649106672446,"active":0,"complete":99,"success":99,"errored":0,"retried":0,"total":99,"elapsed":13}
[debug] [2026-01-19T05:09:01.358Z] >>> [apiv2][query] POST https://firebasehosting.googleapis.com/v1beta1/projects/295588695621/sites/kiwichurch-1ef0f/versions/fd1a6eaf3bf89533:populateFiles [none]
[debug] [2026-01-19T05:09:01.358Z] >>> [apiv2][body] POST https://firebasehosting.googleapis.com/v1beta1/projects/295588695621/sites/kiwichurch-1ef0f/versions/fd1a6eaf3bf89533:populateFiles {"files":{"/sw.js":"f69759ef28c676c44103763fd14e4e3efb21c7052d33c199dc9f341d141ed985","/sitemap.xml":"dcfe6648a94d902bdf2c424130039d2ab38bec82a211890357b79289e1a9bf71","/setup.html":"4f08278e3a9a64fd91f33bd8f14c503191f1a86d0b9ce8e3c7ca609a4d8d38a0","/robots.txt":"8e28805ae0a44ddc17227fb2fbd09a78a1e610166adda362a285e44d9ada8e49","/resources.html":"a180cd86b75facae8c04095c92319caa0c9062114dee7353c13fdd8c8809677b","/portal.html":"839b56f397b94ac53d540f8e2d402798de4aa1ac99179b1652096c5dfd2ffd59","/manifest.json":"5f6effadcbd7ad47fdfd3470972ff08e06d07ef125d98c518f70c8cc50654c2e","/KiwiChurch_Old_White_Shadow.png":"e93316ff1e51058cbcfe4c0b4e620fcc2f2280437898c0f185dcdfd75148f7c0","/KiwiChurch_Old_White.png":"4da85bbdd007c50ea44ff96f0da3b7728a37791ea9d88a4a5016544b35ea0aae","/kete.html":"1a16918069c1bca1349a85cea84c2874fb8b592eade02167f535a0558bf6f46f","/index.html":"e5365cdab97bbb5fdfe64578daaa54068389d837b44244517c51515b2fabedd7","/icon-512.png":"07d8cd97b88c57f8537811779f4319c3210e497a7586497c42d4100c8fa4aa5f","/icon-192.png":"9e318c61ead896855ed966e0a50af2489b76805ea31a29a64902949b49e86e89","/icon-144.png":"63e3fcba2f0edb2edcafb43266956c217a3529fb7e0ea202b2a087b7cd842f27","/HansonsLaneOpening-2139.jpg":"08da0ac917db48bc3d516449fb5b6df0340fc4fe3c5de739d8aed54150157dc4","/HansonsLaneOpening-2131a.jpg":"a617c928e49356ba8987351a0aaaccee8ea3410f23150983065866afe777da7b","/giving.html":"f83240e482ded5ef2d1e30a52db5855f389ffde254687e802fcdd2978c9fcea6","/communities.html":"de3b56f84d20bf1c062c3473d015e53d00ef4b92c6a2d1e64dec1a710ce671e1","/calendar.html":"1cde4378c9cb9abbd2975a33a0406a2f5cb417649874a05d6b1c8dae6ef2b269","/about.html":"031756a36dab3bce6de80ea8bb70eacd7016420021b91964519b99e4fb9e5b83","/js/storage.js":"52e6d49541c64b9f7a4d74425a30fea1212c3b2cae6ec7bf9c63135575095649","/js/main.js":"d3a89cb7f48c458929b87a8ab6b7d0c3d99758281c69863203e379598df0f794","/js/firebase-config.js":"5a7882f1f730cac32671b6d84850272ea89ad5eed70f2d2dacda034607b1927c","/js/db.js":"85edbfc5695b0115e91ad2e70a1b06070375b0fd51cb5f94e88d1564f4e6af09","/js/auth.js":"d04f17c83443c48da2d96e0714c1aeb560692e95b4d8a209a7650c8484bdc058","/css/styles.css":"0ba4fcf4f2d1557d527d061b37209c80b0d101ae121cae6182d0ad9f70f266fd","/.git/packed-refs":"ac6e350b3e6e2a5fa0e51da1a44e75d0e9b4b353adf697bb6e43eb546a8bd124","/.git/HEAD":"23960fa2316fb1cd093c7920df1e9c864ee8c2d784908f7372cd5da920fc3d48","/.git/description":"82406efccfbaa0195ef86e8c8aa8fc71d38fb93a6aa0fbd00d90629d3bbe2342","/.git/config":"df8b7760ac347b3aee4a8da1f0e3947c28e5c11f4283002c21c2a9b943f703f8","/.git/COMMIT_EDITMSG":"9a1267595edd597b7f40176013d5d53f8b07cbcfd49c4ccd14473cf448989cee","/.git/objects/pack/pack-2e7b84d83ffbc8b00192f31928e37ffe22003719.rev":"4ed9eee3a0a73efcae6e32d7b061a7f6456a31c1014ccfee60addb779a8b94e1","/.git/objects/pack/pack-2e7b84d83ffbc8b00192f31928e37ffe22003719.pack":"8413013c4eeaf9670e2b23c491b0e44046f09650db96130da4e4a7025b796fca","/.git/objects/pack/pack-2e7b84d83ffbc8b00192f31928e37ffe22003719.idx":"8c00b38200888585b17cd62dcdee988016ba0266fcc18e171b12ea7064cbb985","/.git/objects/fa/b22806a05ff0e23945063a228b23548825b615":"80e5d20dc22dd54340d3e89ddafc6728f0ff8927e2eb7592b9c34fd8b9148476","/.git/objects/f1/3afebe20d98850af6feb5e7ed51ace25c4e917":"61ab4533ebd3450165e1068fb3e700642273b480092c96ea68783174cfcfff5e","/.git/objects/e6/a2aba4f4670a6a7f8f329ddf74f3b1018d47d2":"c8f12c6a9175504d9315c96b980c356ce1d3f563f59e0b906f663b4147f1edae","/.git/objects/e2/926b5675ce91730a3afa20671cd2aedc7f2795":"60a12473f6aa7fbd0ba44aa529dcd32b5ae6a5e0d83b939fe386a847eb310e8f","/.git/objects/e0/209e58d8f4baf54bb45a11dc126b9dcae698a5":"01c262ec24c1c2518f5e9998f0626771874ab3187fe4c23a606bbbe19a525d5c","/.git/objects/de/95e8b3738aca03e817524bbb48c80377a025fc":"0266dbee141c9d7118795259bca7a3a30393581399b5e3a217055f66acfd760c","/.git/objects/dd/e04cbba92e1a1c01979ff5b7691fceddb25beb":"13e69465c7f04ec2f69945af08dae2315b5060375a47ca5ffd9d720004dfa8c0","/.git/objects/d6/b22aa753279cb646dc06cb8768684657af0257":"0ef2166f54f82f8f552abdd3d68c8f337dd5fa4cdb1443475d0348cf2aa75662","/.git/objects/d0/83c6e802a1fe0f18e3f3ea0fd46c6a46f37132":"a678c5b2c7c397d748f9965fc4614f6ed3d1a0329ecc1d9eaec4922f21a66f19","/.git/objects/cf/1322e6cf8be930d105d9634849d99ac8034bb2":"744948304c66f7bbd5e37c30a22ed6ffffdd57f4cedb8e17a7b02959237ffdc9","/.git/objects/ca/0ab35195a2390da7aa88adde6728863b27e057":"a6ea91a6e87de87ad2a210c74bd5a43a4949f05d27985297f6d2455bc61d6f17","/.git/objects/b8/12665c113b2245528a67144dbcd8f7172f6b9b":"90d863e59aaa8bd156c81eb220f7735131095557e29d7c5a6e50365dfe59dda9","/.git/objects/ac/e4c301cb73506f17647d58e0f4909b47ebb427":"73c50cde43405818a943ac43ae374552d9761583fbbdd578530f7cea68cbd949","/.git/objects/a3/2c87f4b275980c171f6db26555def1a0606de8":"eb8f6f5c61bda85d8b3dd2de1ecc9c9d9d71533a1793304ce0fc641ba1a68fc8","/.git/objects/a1/c93e696939eb836c8c2bdbb3d8adcdf01fc90f":"7f7e79454c15149399f16ea0270e737cba393644a6e1d2bd708d1c2a5d61b8c8","/.git/objects/9f/624031884b12513dcb44e9d5b1726ca4c35180":"aef83b5f69df51217829f4b33da6e7308ef735499a39b53ada3dfd3df8299adc","/.git/objects/7e/9cf0c55043f0820772510dc13eb6396aef0fbd":"21e68ba4501b51e61d787dde6791330c2648513944bca4b37f65ac756d544b4f","/.git/objects/74/ec8295f8f7d3d231b732a15127a88b3b2e208a":"b745aab48cdc2b6bcae5eb6c75c7ced836bf7df0cb9aeb261d27420524c2161c","/.git/objects/67/4911267ef5dc141dfdbb905aa6fd90ca35700d":"c90437a769aa70909e503ed9dc344c41b16f7da79326b9fe0dd57ac689db929a","/.git/objects/5c/8d457dbd7fa7d8016fe477c79a49fa2cb4d5bd":"168b5151b78690977fdde6d167fb5fcb9af16519050561e6ef46718e80e3d828","/.git/objects/4f/0aebdebb56b5159ce1f7036887bb97e10fb0af":"b424ea0ff2ff5dacb3d96f13ff40f009262f4be4d3f5c11b23f6456d13fed6d5","/.git/objects/48/3b81dfcbce356fe7df88cb2fd94a48b6845576":"cb08c4331afd784571d43a3b695eaac8a1c684ad9ac860442edafbf13a79d964","/.git/objects/46/79e402c4ddffaf86b532236332d6c46b953256":"268272782b1d7ca4975b3b479467360cdf0d0e2e4721edb4dec462c653de2a0c","/.git/objects/39/7b1eb074c45341e0bf932442710c3921527ad2":"366702e1e3ee6bd993641783a25d3bbbd7bc615fcf197cf7f4ccce01863bf494","/.git/objects/30/084f2b5665923e5653add3298ec722b49f4ccf":"cc7c1a5311d91dac4a84f7b09f75482a8c82fe6aa67dcbf54a1fdfe9b2fcbac0","/.git/objects/25/ef26309c3e2e90c2f75cff8fb4933a3ead5fe6":"107203e7d95f857aa517a7c699e16d03e7af5ea1f82843a29e1b7dd37b15bf7c","/.git/objects/22/a99da1793153abfe2eda590d244de28dacefe4":"cbea57a59fbfaff8a44781a9a1d21ba20857d614fc7889fbebc4469dc4af05e4","/.git/objects/1e/fa3c4424848491215bbeaa33cfa5f1bbc877b0":"bd9f49909cf90f72cb171270198d87c41d4ee542bfdd3eea6af4287c22b13596","/.git/objects/1b/990422956dee7a69c4eeaca624397b7038d944":"c57b43fb5bdfd824ecae12f50fce99a1d2e3a1cea0f99dfba527787bede984ae","/.git/objects/19/9d46db78ee5ff951b962d73ccd434c9c89cc27":"bf4bc5e4fc1bef8e966efa9c9a0b8ada1bcf73cdccaa9baafdcef53724cfcd1f","/.git/objects/10/0fde07c71a361332cdc1f616901dc93115223e":"2d4cf4144dfa59f22f0ff29e2883a3b9d32078ca59390fde4a2f089eb0b94b8e","/.git/objects/05/596ed3bdcaa7d78068b1de5127946e4aefd8be":"963bbb91c317a6b9430caa51d4efb9043c764343651394ccc35fcfbbfc9ad100","/.git/info/exclude":"994a83b0bd13a31e35114caf18e8b7fcff4253406797d657aa1d9ea64c7b721d","/.git/hooks/update.sample":"a022fa3ca5c3a9dffa3c09dc035866a2c4e6e935a372724aabba8dd6a5639fee","/.git/hooks/sendemail-validate.sample":"5179ae7bdd72e97e2d9cdbfcec1e72434f42f7f5748665239355f08badcbbee7","/.git/hooks/push-to-checkout.sample":"b686f0c3faae36d5e3110bd8933f861039094c0a996e5c55c3a776a209ca119b","/.git/hooks/prepare-commit-msg.sample":"da47e5ee9571edfcb45598d9e1ed424dc30a87011c99c5d205015bbc8cfe16cc","/.git/hooks/pre-receive.sample":"518430951f2c7182a5fc07191f43236719c64a5244e0ac82131ea92dbe4a2f67","/.git/hooks/pre-rebase.sample":"4c12afd92c797d205ded918d4da7fff21f264e3347ccfe1f718df372100dea0e","/.git/hooks/pre-push.sample":"661c005b1ebf95bb520578d7421bf511e0d91ecac507fc1818ee60c2e3127f64","/.git/hooks/pre-merge-commit.sample":"08d54483ffa10c472d4b5bf54e637a763a905f6909af1491ad4ca8a19241496c","/.git/hooks/pre-commit.sample":"0dc110f82f15687bb7daae0e09828a248ba74bacc4373b6c5e395fa1140853ef","/.git/hooks/pre-applypatch.sample":"efd041617b404639750884bd01917d80c6ec9917e3021e448a1386a237184a36","/.git/hooks/post-update.sample":"4545774e0eba6264d25197fec3cc1520bfd61d16bf6b417b7b1566460ebc28ec","/.git/hooks/fsmonitor-watchman.sample":"c7efd67fa8de750df765a1cf18a7bdf6c2298ab4a4ab1eed2772a32e4fd9725d","/.git/hooks/commit-msg.sample":"00ffdd1510ab6aa72447787ad1516c9bea8345a9cf6ac5345afb1f44aba07f6f","/.git/hooks/applypatch-msg.sample":"e989aeea500fde675ea8ee009c4cf25aae7abbf4dd02c15b04cb8c85404dbca3","/.git/refs/remotes/origin/main":"f0a4ef0437cb7c878d492e817ce26ed82a51a8c4e6d3b66f4b9328dcc8a86abc","/.git/refs/remotes/origin/HEAD":"309067256ef321c6851b59e293ca58f7ccae3509e768e9597fd3348d34570b32","/.git/ORIG_HEAD":"e99a15d19890d6f5dfd0add1b7ba1fa6c2c9eb6ecf8a680831899bd9ba894697","/.git/FETCH_HEAD":"43eb6bef525e51de9e1e4808911a494e4e4775477bbd4aee4dea7af86939448b","/.git/refs/heads/main":"f0a4ef0437cb7c878d492e817ce26ed82a51a8c4e6d3b66f4b9328dcc8a86abc","/.git/index":"ac97e28fe9a1c2a95441552ac2916f93a919a3d81789b518a4f1b5958b93ad15","/.git/objects/a6/5ba89e361a2eb851a982c4bdb753641e7a8bbc":"79c7d2b1f0bf472f91a2590965053ad8ac46d4e1a975a8d826db61de4e4dfd85","/.git/objects/1a/88ba062a12dc19187c7f825945a5992948af5e":"7cb26a467c3deddf963b014e6d00133bbc3929a02d567ba187ae72da02eaf05e","/.git/objects/75/a44cf7c0e4ff5ccc5dfcf75b7351bc10390fb9":"9637b7dfdadc83639dadca6c6ae7fe9ff7c51cce940fad0de0851a790644b026","/.git/objects/0f/abdc3c614445bbc44039efa3fa6ce1f7388d66":"4859f62af9a217086addda51060d5f6c19d2254f547a51252ec5c4a240af80a5","/.git/objects/10/1f174bd45cfbb1595e522d3adec4ef7c3ad898":"f8e49ec93d35c0fe597c6af76b7cdd03f49158607d6a7813a90c8932f6a1e71d","/.git/objects/05/366716b6c407cd8b55e7e8803db4caca798373":"5dd782ccb6a8dfd754f854f567a2661b3dd5d2ffa72acc356d4c248fefd0ba02","/.git/logs/HEAD":"b75dd4ce7384ed42ac0755c875cc45a22532566daf0097b97fe01737712dccca","/.git/logs/refs/heads/main":"b75dd4ce7384ed42ac0755c875cc45a22532566daf0097b97fe01737712dccca","/.git/logs/refs/remotes/origin/HEAD":"3a3a56b3461f06eb3e191038e4b713ebbb1292c5caead374cebdcb227b4b211e","/.git/logs/refs/remotes/origin/main":"af3960621e19a3654d88e44d10acd6f1f46b512f1f94816a81fd52e052f9d3df","/.git/objects/30/a741d2c0d8ec6441890dd896a6323c29951ee8":"5a8cb3aa436a7178ec0ab30f55cc22d5caff4f050bf0b5563ca7577f8e33e287","/js/portal.js":"799661b860ffc92aa7143102afdd2f446b3fc23ea5dfb69ea6d4ebf87f1457d2"}}
